4,3,17;
4,2,20;
4,1,22;
4,4,17;
4,2,18;
4,3,17;
4,1,22;
4,4,18;
4,1,24;
7,2,14;
6,1,13;
6,4,12;
3,3,26;
3,3,21;
3,1,29;
5,1,19;
7,1,14;
3,3,24;
3,3,22;
3,1,27;
3,3,19;
5,4,15;
3,3,23;
5,1,17;
4,4,17;
4,3,19;
4,3,16;
4,4,17;
4,3,19;
7,1,12;
4,1,22;
4,1,22;
4,4,18;
4,2,20;
4,2,21;
4,2,18;
4,3,17;
3,3,14;
3,3,13;
5,2,17;
4,3,20;
5,2,17;
4,1,22;
4,3,15;
4,4,17;
4,2,21;
4,1,23;
7,2,12;
5,1,18;
6,1,13;
4,4,19;
4,1,20;
4,1,23;
4,1,22;
4,1,23;
4,2,21;
4,2,20;
4,2,21;
4,1,23;
6,2,15;
3,3,25;
4,2,19;
4,2,19;
4,1,21;
4,1,22;
7,1,14;
4,1,22;
